c:\work\c++\day6\day6\x64\debug\vc143.pdb
c:\work\c++\day6\day6\x64\debug\vc143.idb
c:\work\c++\day6\day6\x64\debug\dynamic_cast2.obj
c:\work\c++\day6\day6\x64\debug\dynamic_cast.obj
c:\work\c++\day6\day6\x64\debug\const_cast.obj
c:\work\c++\day6\day6\x64\debug\reinterpret.obj
c:\work\c++\day6\day6\x64\debug\const_cast2.obj
c:\work\c++\day6\day6\x64\debug\tempobj2.obj
c:\work\c++\day6\day6\x64\debug\tembobj.obj
c:\work\c++\day6\day6\x64\debug\tempobj3.obj
c:\work\c++\day6\day6\x64\debug\unique_ptr.obj
c:\work\c++\day6\day6\x64\debug\shared_ptr.obj
c:\work\c++\day6\day6\x64\debug\weak_ptr2.obj
c:\work\c++\day6\day6\x64\debug\weak_ptr.obj
c:\work\c++\day6\day6\x64\debug\vector.obj
c:\work\c++\day6\day6\x64\debug\vector2.obj
c:\work\c++\day6\day6\x64\debug\vector4.obj
c:\work\c++\day6\day6\x64\debug\vector3.obj
c:\work\c++\day6\x64\debug\day6.exe
c:\work\c++\day6\x64\debug\day6.pdb
c:\work\c++\day6\day6\x64\debug\day6.ilk
c:\work\c++\day6\day6\x64\debug\reinterpret.obj.enc
c:\work\c++\day6\day6\x64\debug\day6.tlog\cl.command.1.tlog
c:\work\c++\day6\day6\x64\debug\day6.tlog\cl.items.tlog
c:\work\c++\day6\day6\x64\debug\day6.tlog\cl.read.1.tlog
c:\work\c++\day6\day6\x64\debug\day6.tlog\cl.write.1.tlog
c:\work\c++\day6\day6\x64\debug\day6.tlog\link.command.1.tlog
c:\work\c++\day6\day6\x64\debug\day6.tlog\link.read.1.tlog
c:\work\c++\day6\day6\x64\debug\day6.tlog\link.secondary.1.tlog
c:\work\c++\day6\day6\x64\debug\day6.tlog\link.write.1.tlog
